<?xml version="1.0" encoding="UTF-8"?>
<coverage generated="1706692362671" clover="3.2.0">
  <project timestamp="1706692362671" name="All files">
    <metrics statements="140" coveredstatements="134" conditionals="72" coveredconditionals="63" methods="42" coveredmethods="42" elements="254" coveredelements="239" complexity="0" loc="140" ncloc="140" packages="2" files="5" classes="5"/>
    <package name="src">
      <metrics statements="123" coveredstatements="118" conditionals="64" coveredconditionals="55" methods="33" coveredmethods="33"/>
      <file name="formatKatexToHtmlString.ts" path="/Users/mj/Desktop/Turing/bombe/packages/katex-utils/src/formatKatexToHtmlString.ts">
        <metrics statements="121" coveredstatements="116" conditionals="64" coveredconditionals="55" methods="32" coveredmethods="32"/>
        <line num="12" count="1" type="cond" truecount="0" falsecount="1"/>
        <line num="13" count="22" type="stmt"/>
        <line num="23" count="1" type="stmt"/>
        <line num="25" count="11" type="stmt"/>
        <line num="31" count="1" type="stmt"/>
        <line num="33" count="11" type="stmt"/>
        <line num="39" count="1" type="stmt"/>
        <line num="40" count="11" type="stmt"/>
        <line num="46" count="1" type="stmt"/>
        <line num="47" count="11" type="stmt"/>
        <line num="53" count="1" type="stmt"/>
        <line num="54" count="124" type="stmt"/>
        <line num="57" count="1" type="stmt"/>
        <line num="58" count="10" type="cond" truecount="3" falsecount="1"/>
        <line num="59" count="0" type="stmt"/>
        <line num="61" count="10" type="stmt"/>
        <line num="64" count="1" type="stmt"/>
        <line num="65" count="11" type="stmt"/>
        <line num="66" count="11" type="stmt"/>
        <line num="69" count="10" type="stmt"/>
        <line num="75" count="11" type="stmt"/>
        <line num="103" count="1" type="stmt"/>
        <line num="104" count="5" type="stmt"/>
        <line num="105" count="5" type="stmt"/>
        <line num="106" count="1" type="stmt"/>
        <line num="110" count="1" type="stmt"/>
        <line num="111" count="1" type="stmt"/>
        <line num="115" count="5" type="cond" truecount="1" falsecount="1"/>
        <line num="117" count="5" type="stmt"/>
        <line num="123" count="5" type="cond" truecount="2" falsecount="0"/>
        <line num="127" count="21" type="stmt"/>
        <line num="128" count="21" type="stmt"/>
        <line num="130" count="21" type="stmt"/>
        <line num="133" count="21" type="stmt"/>
        <line num="134" count="21" type="cond" truecount="4" falsecount="0"/>
        <line num="138" count="21" type="stmt"/>
        <line num="139" count="21" type="cond" truecount="2" falsecount="0"/>
        <line num="140" count="9" type="stmt"/>
        <line num="142" count="21" type="cond" truecount="2" falsecount="0"/>
        <line num="143" count="2" type="stmt"/>
        <line num="145" count="21" type="cond" truecount="2" falsecount="0"/>
        <line num="146" count="1" type="stmt"/>
        <line num="148" count="21" type="stmt"/>
        <line num="154" count="5" type="stmt"/>
        <line num="158" count="1" type="stmt"/>
        <line num="162" count="1" type="stmt"/>
        <line num="163" count="16" type="stmt"/>
        <line num="164" count="16" type="stmt"/>
        <line num="165" count="16" type="stmt"/>
        <line num="166" count="16" type="stmt"/>
        <line num="167" count="16" type="stmt"/>
        <line num="169" count="16" type="stmt"/>
        <line num="170" count="22821" type="stmt"/>
        <line num="172" count="22821" type="cond" truecount="2" falsecount="0"/>
        <line num="173" count="324" type="stmt"/>
        <line num="174" count="324" type="cond" truecount="2" falsecount="0"/>
        <line num="175" count="162" type="stmt"/>
        <line num="176" count="162" type="stmt"/>
        <line num="177" count="162" type="stmt"/>
        <line num="178" count="162" type="stmt"/>
        <line num="179" count="162" type="cond" truecount="1" falsecount="1"/>
        <line num="180" count="162" type="stmt"/>
        <line num="181" count="162" type="stmt"/>
        <line num="185" count="162" type="stmt"/>
        <line num="186" count="162" type="stmt"/>
        <line num="194" count="162" type="stmt"/>
        <line num="195" count="162" type="stmt"/>
        <line num="199" count="162" type="stmt"/>
        <line num="203" count="16" type="cond" truecount="2" falsecount="0"/>
        <line num="204" count="2" type="stmt"/>
        <line num="207" count="14" type="stmt"/>
        <line num="209" count="14" type="stmt"/>
        <line num="219" count="1" type="stmt"/>
        <line num="220" count="8" type="stmt"/>
        <line num="221" count="8" type="stmt"/>
        <line num="224" count="23" type="cond" truecount="2" falsecount="0"/>
        <line num="226" count="8" type="cond" truecount="2" falsecount="0"/>
        <line num="227" count="5" type="stmt"/>
        <line num="229" count="3" type="stmt"/>
        <line num="230" count="3" type="stmt"/>
        <line num="232" count="23" type="stmt"/>
        <line num="233" count="23" type="stmt"/>
        <line num="235" count="23" type="stmt"/>
        <line num="236" count="23" type="cond" truecount="2" falsecount="0"/>
        <line num="237" count="46" type="stmt"/>
        <line num="239" count="23" type="cond" truecount="3" falsecount="1"/>
        <line num="240" count="0" type="stmt"/>
        <line num="241" count="0" type="stmt"/>
        <line num="243" count="23" type="stmt"/>
        <line num="244" count="23" type="stmt"/>
        <line num="245" count="23" type="stmt"/>
        <line num="246" count="23" type="stmt"/>
        <line num="247" count="256" type="stmt"/>
        <line num="248" count="256" type="stmt"/>
        <line num="249" count="256" type="cond" truecount="4" falsecount="0"/>
        <line num="250" count="23" type="stmt"/>
        <line num="252" count="256" type="stmt"/>
        <line num="253" count="272" type="cond" truecount="4" falsecount="0"/>
        <line num="254" count="233" type="stmt"/>
        <line num="258" count="23" type="cond" truecount="1" falsecount="1"/>
        <line num="259" count="0" type="stmt"/>
        <line num="261" count="23" type="stmt"/>
        <line num="264" count="3" type="cond" truecount="1" falsecount="1"/>
        <line num="265" count="0" type="stmt"/>
        <line num="267" count="3" type="stmt"/>
        <line num="270" count="1" type="stmt"/>
        <line num="271" count="9" type="stmt"/>
        <line num="305" count="9" type="stmt"/>
        <line num="306" count="45" type="stmt"/>
        <line num="309" count="9" type="stmt"/>
        <line num="310" count="33" type="cond" truecount="1" falsecount="1"/>
        <line num="329" count="11" type="cond" truecount="1" falsecount="1"/>
        <line num="330" count="11" type="stmt"/>
        <line num="332" count="11" type="cond" truecount="2" falsecount="0"/>
        <line num="333" count="11" type="cond" truecount="2" falsecount="0"/>
        <line num="334" count="11" type="cond" truecount="2" falsecount="0"/>
        <line num="341" count="11" type="stmt"/>
        <line num="342" count="11" type="stmt"/>
        <line num="344" count="11" type="stmt"/>
        <line num="357" count="1" type="stmt"/>
        <line num="363" count="4" type="stmt"/>
      </file>
      <file name="injectHtmlToContentFrame.ts" path="/Users/mj/Desktop/Turing/bombe/packages/katex-utils/src/injectHtmlToContentFrame.ts">
        <metrics statements="2" coveredstatements="2" conditionals="0" coveredconditionals="0" methods="1" coveredmethods="1"/>
        <line num="4" count="1" type="stmt"/>
        <line num="5" count="11" type="stmt"/>
      </file>
    </package>
    <package name="src.internal">
      <metrics statements="17" coveredstatements="16" conditionals="8" coveredconditionals="8" methods="9" coveredmethods="9"/>
      <file name="choiceSelector.ts" path="/Users/mj/Desktop/Turing/bombe/packages/katex-utils/src/internal/choiceSelector.ts">
        <metrics statements="8" coveredstatements="8" conditionals="4" coveredconditionals="4" methods="5" coveredmethods="5"/>
        <line num="4" count="1" type="stmt"/>
        <line num="5" count="11" type="stmt"/>
        <line num="18" count="11" type="cond" truecount="2" falsecount="0"/>
        <line num="19" count="9" type="stmt"/>
        <line num="21" count="2" type="stmt"/>
        <line num="23" count="12" type="stmt"/>
        <line num="24" count="10" type="stmt"/>
        <line num="31" count="11" type="cond" truecount="2" falsecount="0"/>
      </file>
      <file name="is.ts" path="/Users/mj/Desktop/Turing/bombe/packages/katex-utils/src/internal/is.ts">
        <metrics statements="8" coveredstatements="7" conditionals="4" coveredconditionals="4" methods="3" coveredmethods="3"/>
        <line num="1" count="21" type="cond" truecount="2" falsecount="0"/>
        <line num="2" count="1" type="stmt"/>
        <line num="3" count="9" type="stmt"/>
        <line num="4" count="9" type="stmt"/>
        <line num="6" count="0" type="stmt"/>
        <line num="8" count="9" type="stmt"/>
        <line num="10" count="1" type="stmt"/>
        <line num="11" count="11" type="cond" truecount="2" falsecount="0"/>
      </file>
      <file name="removeLineBreak.ts" path="/Users/mj/Desktop/Turing/bombe/packages/katex-utils/src/internal/removeLineBreak.ts">
        <metrics statements="1" coveredstatements="1" conditionals="0" coveredconditionals="0" methods="1" coveredmethods="1"/>
        <line num="2" count="27" type="stmt"/>
      </file>
    </package>
  </project>
</coverage>
