{"/Users/mj/Desktop/Turing/bombe/packages/katex-utils/src/formatKatexToHtmlString.ts": {"path":"/Users/mj/Desktop/Turing/bombe/packages/katex-utils/src/formatKatexToHtmlString.ts","statementMap":{"0":{"start":{"line":12,"column":28},"end":{"line":18,"column":1}},"1":{"start":{"line":13,"column":2},"end":{"line":17,"column":24}},"2":{"start":{"line":23,"column":35},"end":{"line":26,"column":1}},"3":{"start":{"line":25,"column":2},"end":{"line":25,"column":92}},"4":{"start":{"line":31,"column":29},"end":{"line":34,"column":1}},"5":{"start":{"line":33,"column":2},"end":{"line":33,"column":93}},"6":{"start":{"line":39,"column":29},"end":{"line":41,"column":1}},"7":{"start":{"line":40,"column":2},"end":{"line":40,"column":54}},"8":{"start":{"line":46,"column":38},"end":{"line":48,"column":1}},"9":{"start":{"line":47,"column":2},"end":{"line":47,"column":51}},"10":{"start":{"line":53,"column":32},"end":{"line":55,"column":1}},"11":{"start":{"line":54,"column":2},"end":{"line":54,"column":45}},"12":{"start":{"line":54,"column":36},"end":{"line":54,"column":43}},"13":{"start":{"line":57,"column":30},"end":{"line":62,"column":1}},"14":{"start":{"line":58,"column":2},"end":{"line":60,"column":3}},"15":{"start":{"line":59,"column":4},"end":{"line":59,"column":14}},"16":{"start":{"line":61,"column":2},"end":{"line":61,"column":29}},"17":{"start":{"line":64,"column":32},"end":{"line":76,"column":1}},"18":{"start":{"line":65,"column":18},"end":{"line":65,"column":38}},"19":{"start":{"line":66,"column":21},"end":{"line":73,"column":21}},"20":{"start":{"line":69,"column":8},"end":{"line":71,"column":28}},"21":{"start":{"line":75,"column":2},"end":{"line":75,"column":72}},"22":{"start":{"line":75,"column":60},"end":{"line":75,"column":70}},"23":{"start":{"line":103,"column":31},"end":{"line":160,"column":1}},"24":{"start":{"line":104,"column":24},"end":{"line":104,"column":27}},"25":{"start":{"line":105,"column":2},"end":{"line":107,"column":4}},"26":{"start":{"line":106,"column":4},"end":{"line":106,"column":37}},"27":{"start":{"line":110,"column":21},"end":{"line":110,"column":50}},"28":{"start":{"line":111,"column":4},"end":{"line":111,"column":95}},"29":{"start":{"line":115,"column":4},"end":{"line":115,"column":42}},"30":{"start":{"line":115,"column":32},"end":{"line":115,"column":42}},"31":{"start":{"line":117,"column":4},"end":{"line":120,"column":16}},"32":{"start":{"line":123,"column":6},"end":{"line":123,"column":79}},"33":{"start":{"line":127,"column":28},"end":{"line":127,"column":39}},"34":{"start":{"line":128,"column":19},"end":{"line":128,"column":84}},"35":{"start":{"line":130,"column":6},"end":{"line":130,"column":117}},"36":{"start":{"line":133,"column":29},"end":{"line":133,"column":63}},"37":{"start":{"line":134,"column":8},"end":{"line":134,"column":102}},"38":{"start":{"line":138,"column":21},"end":{"line":138,"column":23}},"39":{"start":{"line":139,"column":8},"end":{"line":141,"column":9}},"40":{"start":{"line":140,"column":10},"end":{"line":140,"column":56}},"41":{"start":{"line":142,"column":8},"end":{"line":144,"column":9}},"42":{"start":{"line":143,"column":10},"end":{"line":143,"column":44}},"43":{"start":{"line":145,"column":8},"end":{"line":147,"column":9}},"44":{"start":{"line":146,"column":10},"end":{"line":146,"column":44}},"45":{"start":{"line":148,"column":8},"end":{"line":148,"column":22}},"46":{"start":{"line":154,"column":4},"end":{"line":154,"column":53}},"47":{"start":{"line":158,"column":4},"end":{"line":158,"column":59}},"48":{"start":{"line":162,"column":33},"end":{"line":210,"column":1}},"49":{"start":{"line":163,"column":19},"end":{"line":163,"column":24}},"50":{"start":{"line":164,"column":19},"end":{"line":164,"column":20}},"51":{"start":{"line":165,"column":17},"end":{"line":165,"column":18}},"52":{"start":{"line":166,"column":19},"end":{"line":166,"column":21}},"53":{"start":{"line":167,"column":18},"end":{"line":167,"column":23}},"54":{"start":{"line":169,"column":2},"end":{"line":202,"column":3}},"55":{"start":{"line":169,"column":19},"end":{"line":169,"column":20}},"56":{"start":{"line":170,"column":17},"end":{"line":170,"column":28}},"57":{"start":{"line":172,"column":4},"end":{"line":201,"column":5}},"58":{"start":{"line":173,"column":6},"end":{"line":173,"column":23}},"59":{"start":{"line":174,"column":6},"end":{"line":200,"column":7}},"60":{"start":{"line":175,"column":8},"end":{"line":175,"column":25}},"61":{"start":{"line":176,"column":8},"end":{"line":176,"column":55}},"62":{"start":{"line":177,"column":8},"end":{"line":177,"column":27}},"63":{"start":{"line":178,"column":8},"end":{"line":178,"column":26}},"64":{"start":{"line":179,"column":13},"end":{"line":200,"column":7}},"65":{"start":{"line":180,"column":8},"end":{"line":180,"column":25}},"66":{"start":{"line":181,"column":29},"end":{"line":184,"column":36}},"67":{"start":{"line":185,"column":8},"end":{"line":198,"column":9}},"68":{"start":{"line":186,"column":31},"end":{"line":193,"column":12}},"69":{"start":{"line":194,"column":10},"end":{"line":194,"column":37}},"70":{"start":{"line":195,"column":10},"end":{"line":195,"column":33}},"71":{"start":{"line":199,"column":8},"end":{"line":199,"column":27}},"72":{"start":{"line":203,"column":2},"end":{"line":205,"column":3}},"73":{"start":{"line":204,"column":4},"end":{"line":204,"column":16}},"74":{"start":{"line":207,"column":2},"end":{"line":207,"column":39}},"75":{"start":{"line":209,"column":2},"end":{"line":209,"column":20}},"76":{"start":{"line":219,"column":32},"end":{"line":268,"column":1}},"77":{"start":{"line":220,"column":15},"end":{"line":220,"column":63}},"78":{"start":{"line":221,"column":24},"end":{"line":225,"column":5}},"79":{"start":{"line":224,"column":18},"end":{"line":224,"column":117}},"80":{"start":{"line":226,"column":2},"end":{"line":228,"column":3}},"81":{"start":{"line":227,"column":4},"end":{"line":227,"column":16}},"82":{"start":{"line":229,"column":17},"end":{"line":229,"column":22}},"83":{"start":{"line":230,"column":2},"end":{"line":263,"column":5}},"84":{"start":{"line":232,"column":4},"end":{"line":232,"column":46}},"85":{"start":{"line":233,"column":4},"end":{"line":233,"column":42}},"86":{"start":{"line":235,"column":18},"end":{"line":235,"column":21}},"87":{"start":{"line":236,"column":4},"end":{"line":238,"column":5}},"88":{"start":{"line":237,"column":6},"end":{"line":237,"column":35}},"89":{"start":{"line":239,"column":4},"end":{"line":242,"column":5}},"90":{"start":{"line":240,"column":6},"end":{"line":240,"column":22}},"91":{"start":{"line":241,"column":6},"end":{"line":241,"column":13}},"92":{"start":{"line":243,"column":33},"end":{"line":243,"column":35}},"93":{"start":{"line":244,"column":44},"end":{"line":244,"column":46}},"94":{"start":{"line":245,"column":4},"end":{"line":245,"column":24}},"95":{"start":{"line":246,"column":4},"end":{"line":257,"column":5}},"96":{"start":{"line":247,"column":18},"end":{"line":247,"column":41}},"97":{"start":{"line":248,"column":6},"end":{"line":248,"column":18}},"98":{"start":{"line":249,"column":6},"end":{"line":251,"column":7}},"99":{"start":{"line":250,"column":8},"end":{"line":250,"column":35}},"100":{"start":{"line":252,"column":6},"end":{"line":256,"column":9}},"101":{"start":{"line":253,"column":8},"end":{"line":255,"column":9}},"102":{"start":{"line":254,"column":10},"end":{"line":254,"column":28}},"103":{"start":{"line":258,"column":4},"end":{"line":262,"column":5}},"104":{"start":{"line":259,"column":6},"end":{"line":259,"column":22}},"105":{"start":{"line":261,"column":6},"end":{"line":261,"column":71}},"106":{"start":{"line":264,"column":2},"end":{"line":266,"column":3}},"107":{"start":{"line":265,"column":4},"end":{"line":265,"column":16}},"108":{"start":{"line":267,"column":2},"end":{"line":267,"column":25}},"109":{"start":{"line":270,"column":29},"end":{"line":314,"column":1}},"110":{"start":{"line":271,"column":42},"end":{"line":303,"column":3}},"111":{"start":{"line":305,"column":2},"end":{"line":307,"column":3}},"112":{"start":{"line":305,"column":15},"end":{"line":305,"column":16}},"113":{"start":{"line":306,"column":4},"end":{"line":306,"column":70}},"114":{"start":{"line":309,"column":2},"end":{"line":313,"column":5}},"115":{"start":{"line":310,"column":4},"end":{"line":312,"column":14}},"116":{"start":{"line":329,"column":2},"end":{"line":329,"column":40}},"117":{"start":{"line":329,"column":30},"end":{"line":329,"column":40}},"118":{"start":{"line":330,"column":25},"end":{"line":330,"column":45}},"119":{"start":{"line":330,"column":42},"end":{"line":330,"column":45}},"120":{"start":{"line":332,"column":28},"end":{"line":332,"column":81}},"121":{"start":{"line":333,"column":27},"end":{"line":333,"column":81}},"122":{"start":{"line":334,"column":41},"end":{"line":334,"column":113}},"123":{"start":{"line":341,"column":26},"end":{"line":342,"column":89}},"124":{"start":{"line":342,"column":4},"end":{"line":342,"column":89}},"125":{"start":{"line":344,"column":2},"end":{"line":354,"column":4}},"126":{"start":{"line":357,"column":52},"end":{"line":361,"column":1}},"127":{"start":{"line":363,"column":2},"end":{"line":363,"column":64}}},"fnMap":{"0":{"name":"(anonymous_0)","decl":{"start":{"line":12,"column":28},"end":{"line":12,"column":29}},"loc":{"start":{"line":12,"column":61},"end":{"line":18,"column":1}},"line":12},"1":{"name":"(anonymous_1)","decl":{"start":{"line":23,"column":35},"end":{"line":23,"column":36}},"loc":{"start":{"line":23,"column":53},"end":{"line":26,"column":1}},"line":23},"2":{"name":"(anonymous_2)","decl":{"start":{"line":31,"column":29},"end":{"line":31,"column":30}},"loc":{"start":{"line":31,"column":47},"end":{"line":34,"column":1}},"line":31},"3":{"name":"(anonymous_3)","decl":{"start":{"line":39,"column":29},"end":{"line":39,"column":30}},"loc":{"start":{"line":39,"column":47},"end":{"line":41,"column":1}},"line":39},"4":{"name":"(anonymous_4)","decl":{"start":{"line":46,"column":38},"end":{"line":46,"column":39}},"loc":{"start":{"line":46,"column":56},"end":{"line":48,"column":1}},"line":46},"5":{"name":"(anonymous_5)","decl":{"start":{"line":53,"column":32},"end":{"line":53,"column":33}},"loc":{"start":{"line":53,"column":50},"end":{"line":55,"column":1}},"line":53},"6":{"name":"(anonymous_6)","decl":{"start":{"line":54,"column":30},"end":{"line":54,"column":31}},"loc":{"start":{"line":54,"column":36},"end":{"line":54,"column":43}},"line":54},"7":{"name":"(anonymous_7)","decl":{"start":{"line":57,"column":30},"end":{"line":57,"column":31}},"loc":{"start":{"line":57,"column":50},"end":{"line":62,"column":1}},"line":57},"8":{"name":"(anonymous_8)","decl":{"start":{"line":64,"column":32},"end":{"line":64,"column":33}},"loc":{"start":{"line":64,"column":50},"end":{"line":76,"column":1}},"line":64},"9":{"name":"(anonymous_9)","decl":{"start":{"line":68,"column":6},"end":{"line":68,"column":7}},"loc":{"start":{"line":69,"column":8},"end":{"line":71,"column":28}},"line":69},"10":{"name":"(anonymous_10)","decl":{"start":{"line":75,"column":54},"end":{"line":75,"column":55}},"loc":{"start":{"line":75,"column":60},"end":{"line":75,"column":70}},"line":75},"11":{"name":"(anonymous_11)","decl":{"start":{"line":103,"column":31},"end":{"line":103,"column":32}},"loc":{"start":{"line":103,"column":53},"end":{"line":160,"column":1}},"line":103},"12":{"name":"(anonymous_12)","decl":{"start":{"line":105,"column":65},"end":{"line":105,"column":66}},"loc":{"start":{"line":106,"column":4},"end":{"line":106,"column":37}},"line":106},"13":{"name":"convertTableTextToHtml","decl":{"start":{"line":109,"column":11},"end":{"line":109,"column":33}},"loc":{"start":{"line":109,"column":48},"end":{"line":112,"column":3}},"line":109},"14":{"name":"convertRowTextToHtml","decl":{"start":{"line":114,"column":11},"end":{"line":114,"column":31}},"loc":{"start":{"line":114,"column":46},"end":{"line":151,"column":3}},"line":114},"15":{"name":"isInvalidRowText","decl":{"start":{"line":122,"column":13},"end":{"line":122,"column":29}},"loc":{"start":{"line":122,"column":44},"end":{"line":124,"column":5}},"line":122},"16":{"name":"decorateCellHtml","decl":{"start":{"line":126,"column":13},"end":{"line":126,"column":29}},"loc":{"start":{"line":126,"column":48},"end":{"line":150,"column":5}},"line":126},"17":{"name":"parseMetadata","decl":{"start":{"line":132,"column":15},"end":{"line":132,"column":28}},"loc":{"start":{"line":132,"column":62},"end":{"line":135,"column":7}},"line":132},"18":{"name":"metadataToInlineAttributeString","decl":{"start":{"line":137,"column":15},"end":{"line":137,"column":46}},"loc":{"start":{"line":137,"column":88},"end":{"line":149,"column":7}},"line":137},"19":{"name":"wrapIntoTableRow","decl":{"start":{"line":153,"column":11},"end":{"line":153,"column":27}},"loc":{"start":{"line":153,"column":42},"end":{"line":155,"column":3}},"line":153},"20":{"name":"wrapIntoTableBox","decl":{"start":{"line":157,"column":11},"end":{"line":157,"column":27}},"loc":{"start":{"line":157,"column":42},"end":{"line":159,"column":3}},"line":157},"21":{"name":"(anonymous_21)","decl":{"start":{"line":162,"column":33},"end":{"line":162,"column":34}},"loc":{"start":{"line":162,"column":51},"end":{"line":210,"column":1}},"line":162},"22":{"name":"(anonymous_22)","decl":{"start":{"line":219,"column":32},"end":{"line":219,"column":33}},"loc":{"start":{"line":219,"column":50},"end":{"line":268,"column":1}},"line":219},"23":{"name":"(anonymous_23)","decl":{"start":{"line":224,"column":6},"end":{"line":224,"column":7}},"loc":{"start":{"line":224,"column":18},"end":{"line":224,"column":117}},"line":224},"24":{"name":"(anonymous_24)","decl":{"start":{"line":230,"column":24},"end":{"line":230,"column":25}},"loc":{"start":{"line":230,"column":40},"end":{"line":263,"column":3}},"line":230},"25":{"name":"(anonymous_25)","decl":{"start":{"line":252,"column":29},"end":{"line":252,"column":30}},"loc":{"start":{"line":252,"column":40},"end":{"line":256,"column":7}},"line":252},"26":{"name":"(anonymous_26)","decl":{"start":{"line":270,"column":29},"end":{"line":270,"column":30}},"loc":{"start":{"line":270,"column":46},"end":{"line":314,"column":1}},"line":270},"27":{"name":"(anonymous_27)","decl":{"start":{"line":309,"column":71},"end":{"line":309,"column":72}},"loc":{"start":{"line":309,"column":98},"end":{"line":313,"column":3}},"line":309},"28":{"name":"formatKatexToHtmlStringWithOptions","decl":{"start":{"line":321,"column":16},"end":{"line":321,"column":50}},"loc":{"start":{"line":328,"column":10},"end":{"line":355,"column":1}},"line":328},"29":{"name":"(anonymous_29)","decl":{"start":{"line":330,"column":25},"end":{"line":330,"column":26}},"loc":{"start":{"line":330,"column":42},"end":{"line":330,"column":45}},"line":330},"30":{"name":"(anonymous_30)","decl":{"start":{"line":341,"column":26},"end":{"line":341,"column":27}},"loc":{"start":{"line":342,"column":4},"end":{"line":342,"column":89}},"line":342},"31":{"name":"formatKatexToHtmlString","decl":{"start":{"line":362,"column":16},"end":{"line":362,"column":39}},"loc":{"start":{"line":362,"column":53},"end":{"line":364,"column":1}},"line":362}},"branchMap":{"0":{"loc":{"start":{"line":12,"column":43},"end":{"line":12,"column":56}},"type":"default-arg","locations":[{"start":{"line":12,"column":51},"end":{"line":12,"column":56}}],"line":12},"1":{"loc":{"start":{"line":14,"column":4},"end":{"line":14,"column":50}},"type":"binary-expr","locations":[{"start":{"line":14,"column":4},"end":{"line":14,"column":9}},{"start":{"line":14,"column":13},"end":{"line":14,"column":50}}],"line":14},"2":{"loc":{"start":{"line":16,"column":4},"end":{"line":16,"column":68}},"type":"cond-expr","locations":[{"start":{"line":16,"column":12},"end":{"line":16,"column":63}},{"start":{"line":16,"column":66},"end":{"line":16,"column":68}}],"line":16},"3":{"loc":{"start":{"line":58,"column":2},"end":{"line":60,"column":3}},"type":"if","locations":[{"start":{"line":58,"column":2},"end":{"line":60,"column":3}},{"start":{},"end":{}}],"line":58},"4":{"loc":{"start":{"line":58,"column":6},"end":{"line":58,"column":31}},"type":"binary-expr","locations":[{"start":{"line":58,"column":6},"end":{"line":58,"column":17}},{"start":{"line":58,"column":21},"end":{"line":58,"column":31}}],"line":58},"5":{"loc":{"start":{"line":115,"column":4},"end":{"line":115,"column":42}},"type":"if","locations":[{"start":{"line":115,"column":4},"end":{"line":115,"column":42}},{"start":{},"end":{}}],"line":115},"6":{"loc":{"start":{"line":123,"column":15},"end":{"line":123,"column":77}},"type":"binary-expr","locations":[{"start":{"line":123,"column":15},"end":{"line":123,"column":45}},{"start":{"line":123,"column":49},"end":{"line":123,"column":77}}],"line":123},"7":{"loc":{"start":{"line":134,"column":15},"end":{"line":134,"column":101}},"type":"cond-expr","locations":[{"start":{"line":134,"column":72},"end":{"line":134,"column":96}},{"start":{"line":134,"column":99},"end":{"line":134,"column":101}}],"line":134},"8":{"loc":{"start":{"line":134,"column":15},"end":{"line":134,"column":69}},"type":"binary-expr","locations":[{"start":{"line":134,"column":15},"end":{"line":134,"column":40}},{"start":{"line":134,"column":44},"end":{"line":134,"column":69}}],"line":134},"9":{"loc":{"start":{"line":139,"column":8},"end":{"line":141,"column":9}},"type":"if","locations":[{"start":{"line":139,"column":8},"end":{"line":141,"column":9}},{"start":{},"end":{}}],"line":139},"10":{"loc":{"start":{"line":142,"column":8},"end":{"line":144,"column":9}},"type":"if","locations":[{"start":{"line":142,"column":8},"end":{"line":144,"column":9}},{"start":{},"end":{}}],"line":142},"11":{"loc":{"start":{"line":145,"column":8},"end":{"line":147,"column":9}},"type":"if","locations":[{"start":{"line":145,"column":8},"end":{"line":147,"column":9}},{"start":{},"end":{}}],"line":145},"12":{"loc":{"start":{"line":172,"column":4},"end":{"line":201,"column":5}},"type":"if","locations":[{"start":{"line":172,"column":4},"end":{"line":201,"column":5}},{"start":{},"end":{}}],"line":172},"13":{"loc":{"start":{"line":174,"column":6},"end":{"line":200,"column":7}},"type":"if","locations":[{"start":{"line":174,"column":6},"end":{"line":200,"column":7}},{"start":{"line":179,"column":13},"end":{"line":200,"column":7}}],"line":174},"14":{"loc":{"start":{"line":179,"column":13},"end":{"line":200,"column":7}},"type":"if","locations":[{"start":{"line":179,"column":13},"end":{"line":200,"column":7}},{"start":{},"end":{}}],"line":179},"15":{"loc":{"start":{"line":203,"column":2},"end":{"line":205,"column":3}},"type":"if","locations":[{"start":{"line":203,"column":2},"end":{"line":205,"column":3}},{"start":{},"end":{}}],"line":203},"16":{"loc":{"start":{"line":224,"column":18},"end":{"line":224,"column":117}},"type":"binary-expr","locations":[{"start":{"line":224,"column":18},"end":{"line":224,"column":50}},{"start":{"line":224,"column":54},"end":{"line":224,"column":117}}],"line":224},"17":{"loc":{"start":{"line":226,"column":2},"end":{"line":228,"column":3}},"type":"if","locations":[{"start":{"line":226,"column":2},"end":{"line":228,"column":3}},{"start":{},"end":{}}],"line":226},"18":{"loc":{"start":{"line":236,"column":11},"end":{"line":236,"column":67}},"type":"binary-expr","locations":[{"start":{"line":236,"column":11},"end":{"line":236,"column":27}},{"start":{"line":236,"column":31},"end":{"line":236,"column":67}}],"line":236},"19":{"loc":{"start":{"line":239,"column":4},"end":{"line":242,"column":5}},"type":"if","locations":[{"start":{"line":239,"column":4},"end":{"line":242,"column":5}},{"start":{},"end":{}}],"line":239},"20":{"loc":{"start":{"line":239,"column":8},"end":{"line":239,"column":64}},"type":"binary-expr","locations":[{"start":{"line":239,"column":8},"end":{"line":239,"column":24}},{"start":{"line":239,"column":28},"end":{"line":239,"column":64}}],"line":239},"21":{"loc":{"start":{"line":249,"column":6},"end":{"line":251,"column":7}},"type":"if","locations":[{"start":{"line":249,"column":6},"end":{"line":251,"column":7}},{"start":{},"end":{}}],"line":249},"22":{"loc":{"start":{"line":249,"column":10},"end":{"line":249,"column":78}},"type":"binary-expr","locations":[{"start":{"line":249,"column":10},"end":{"line":249,"column":44}},{"start":{"line":249,"column":48},"end":{"line":249,"column":78}}],"line":249},"23":{"loc":{"start":{"line":253,"column":8},"end":{"line":255,"column":9}},"type":"if","locations":[{"start":{"line":253,"column":8},"end":{"line":255,"column":9}},{"start":{},"end":{}}],"line":253},"24":{"loc":{"start":{"line":253,"column":12},"end":{"line":253,"column":84}},"type":"binary-expr","locations":[{"start":{"line":253,"column":12},"end":{"line":253,"column":52}},{"start":{"line":253,"column":56},"end":{"line":253,"column":84}}],"line":253},"25":{"loc":{"start":{"line":258,"column":4},"end":{"line":262,"column":5}},"type":"if","locations":[{"start":{"line":258,"column":4},"end":{"line":262,"column":5}},{"start":{"line":260,"column":11},"end":{"line":262,"column":5}}],"line":258},"26":{"loc":{"start":{"line":264,"column":2},"end":{"line":266,"column":3}},"type":"if","locations":[{"start":{"line":264,"column":2},"end":{"line":266,"column":3}},{"start":{},"end":{}}],"line":264},"27":{"loc":{"start":{"line":310,"column":11},"end":{"line":312,"column":13}},"type":"cond-expr","locations":[{"start":{"line":311,"column":8},"end":{"line":311,"column":108}},{"start":{"line":312,"column":8},"end":{"line":312,"column":13}}],"line":310},"28":{"loc":{"start":{"line":323,"column":2},"end":{"line":327,"column":3}},"type":"default-arg","locations":[{"start":{"line":323,"column":112},"end":{"line":327,"column":3}}],"line":323},"29":{"loc":{"start":{"line":329,"column":2},"end":{"line":329,"column":40}},"type":"if","locations":[{"start":{"line":329,"column":2},"end":{"line":329,"column":40}},{"start":{},"end":{}}],"line":329},"30":{"loc":{"start":{"line":332,"column":28},"end":{"line":332,"column":81}},"type":"cond-expr","locations":[{"start":{"line":332,"column":44},"end":{"line":332,"column":64}},{"start":{"line":332,"column":67},"end":{"line":332,"column":81}}],"line":332},"31":{"loc":{"start":{"line":333,"column":27},"end":{"line":333,"column":81}},"type":"cond-expr","locations":[{"start":{"line":333,"column":42},"end":{"line":333,"column":64}},{"start":{"line":333,"column":67},"end":{"line":333,"column":81}}],"line":333},"32":{"loc":{"start":{"line":334,"column":41},"end":{"line":334,"column":113}},"type":"cond-expr","locations":[{"start":{"line":334,"column":73},"end":{"line":334,"column":96}},{"start":{"line":334,"column":99},"end":{"line":334,"column":113}}],"line":334}},"s":{"0":1,"1":22,"2":1,"3":11,"4":1,"5":11,"6":1,"7":11,"8":1,"9":11,"10":1,"11":11,"12":124,"13":1,"14":10,"15":0,"16":10,"17":1,"18":11,"19":11,"20":10,"21":11,"22":2,"23":1,"24":5,"25":5,"26":1,"27":1,"28":1,"29":5,"30":0,"31":5,"32":5,"33":21,"34":21,"35":21,"36":21,"37":21,"38":21,"39":21,"40":9,"41":21,"42":2,"43":21,"44":1,"45":21,"46":5,"47":1,"48":1,"49":16,"50":16,"51":16,"52":16,"53":16,"54":16,"55":16,"56":22821,"57":22821,"58":324,"59":324,"60":162,"61":162,"62":162,"63":162,"64":162,"65":162,"66":162,"67":162,"68":162,"69":162,"70":162,"71":162,"72":16,"73":2,"74":14,"75":14,"76":1,"77":8,"78":8,"79":23,"80":8,"81":5,"82":3,"83":3,"84":23,"85":23,"86":23,"87":23,"88":46,"89":23,"90":0,"91":0,"92":23,"93":23,"94":23,"95":23,"96":256,"97":256,"98":256,"99":23,"100":256,"101":272,"102":233,"103":23,"104":0,"105":23,"106":3,"107":0,"108":3,"109":1,"110":9,"111":9,"112":9,"113":45,"114":9,"115":33,"116":11,"117":0,"118":11,"119":11,"120":11,"121":11,"122":11,"123":11,"124":11,"125":11,"126":1,"127":4},"f":{"0":22,"1":11,"2":11,"3":11,"4":11,"5":11,"6":124,"7":10,"8":11,"9":10,"10":2,"11":5,"12":1,"13":1,"14":5,"15":5,"16":21,"17":21,"18":21,"19":5,"20":1,"21":16,"22":8,"23":23,"24":23,"25":272,"26":9,"27":33,"28":11,"29":11,"30":11,"31":4},"b":{"0":[0],"1":[22,11],"2":[11,11],"3":[0,10],"4":[10,10],"5":[0,5],"6":[5,5],"7":[9,12],"8":[21,9],"9":[9,12],"10":[2,19],"11":[1,20],"12":[324,22497],"13":[162,162],"14":[162,0],"15":[2,14],"16":[23,23],"17":[5,3],"18":[69,69],"19":[0,23],"20":[23,23],"21":[23,233],"22":[256,23],"23":[233,39],"24":[272,233],"25":[0,23],"26":[0,3],"27":[33,0],"28":[2],"29":[0,11],"30":[9,2],"31":[5,6],"32":[8,3]},"_coverageSchema":"1a1c01bbd47fc00a2c39e90264f33305004495a9","hash":"eba9879b29af88ef5c2af007fd6a960fa7a3d600"}
,"/Users/mj/Desktop/Turing/bombe/packages/katex-utils/src/injectHtmlToContentFrame.ts": {"path":"/Users/mj/Desktop/Turing/bombe/packages/katex-utils/src/injectHtmlToContentFrame.ts","statementMap":{"0":{"start":{"line":4,"column":40},"end":{"line":6,"column":1}},"1":{"start":{"line":5,"column":2},"end":{"line":5,"column":57}}},"fnMap":{"0":{"name":"(anonymous_0)","decl":{"start":{"line":4,"column":40},"end":{"line":4,"column":41}},"loc":{"start":{"line":4,"column":58},"end":{"line":6,"column":1}},"line":4}},"branchMap":{},"s":{"0":1,"1":11},"f":{"0":11},"b":{},"_coverageSchema":"1a1c01bbd47fc00a2c39e90264f33305004495a9","hash":"dce6069c02b1415e0ccdc4691f7d73bcaccda7a0"}
,"/Users/mj/Desktop/Turing/bombe/packages/katex-utils/src/internal/choiceSelector.ts": {"path":"/Users/mj/Desktop/Turing/bombe/packages/katex-utils/src/internal/choiceSelector.ts","statementMap":{"0":{"start":{"line":4,"column":30},"end":{"line":33,"column":1}},"1":{"start":{"line":5,"column":2},"end":{"line":5,"column":89}},"2":{"start":{"line":18,"column":4},"end":{"line":20,"column":5}},"3":{"start":{"line":19,"column":6},"end":{"line":19,"column":16}},"4":{"start":{"line":21,"column":4},"end":{"line":24,"column":48}},"5":{"start":{"line":23,"column":21},"end":{"line":23,"column":42}},"6":{"start":{"line":24,"column":18},"end":{"line":24,"column":46}},"7":{"start":{"line":31,"column":4},"end":{"line":31,"column":65}}},"fnMap":{"0":{"name":"(anonymous_0)","decl":{"start":{"line":4,"column":30},"end":{"line":4,"column":31}},"loc":{"start":{"line":4,"column":48},"end":{"line":33,"column":1}},"line":4},"1":{"name":"extractChoiceAnswerLineWithoutPrefixNumber","decl":{"start":{"line":17,"column":11},"end":{"line":17,"column":53}},"loc":{"start":{"line":17,"column":79},"end":{"line":25,"column":3}},"line":17},"2":{"name":"(anonymous_2)","decl":{"start":{"line":23,"column":14},"end":{"line":23,"column":15}},"loc":{"start":{"line":23,"column":21},"end":{"line":23,"column":42}},"line":23},"3":{"name":"(anonymous_3)","decl":{"start":{"line":24,"column":11},"end":{"line":24,"column":12}},"loc":{"start":{"line":24,"column":18},"end":{"line":24,"column":46}},"line":24},"4":{"name":"extractTexOnlyBelowChoiceMark","decl":{"start":{"line":30,"column":11},"end":{"line":30,"column":40}},"loc":{"start":{"line":30,"column":63},"end":{"line":32,"column":3}},"line":30}},"branchMap":{"0":{"loc":{"start":{"line":18,"column":4},"end":{"line":20,"column":5}},"type":"if","locations":[{"start":{"line":18,"column":4},"end":{"line":20,"column":5}},{"start":{},"end":{}}],"line":18},"1":{"loc":{"start":{"line":31,"column":11},"end":{"line":31,"column":64}},"type":"binary-expr","locations":[{"start":{"line":31,"column":11},"end":{"line":31,"column":58}},{"start":{"line":31,"column":62},"end":{"line":31,"column":64}}],"line":31}},"s":{"0":1,"1":11,"2":11,"3":9,"4":2,"5":12,"6":10,"7":11},"f":{"0":11,"1":11,"2":12,"3":10,"4":11},"b":{"0":[9,2],"1":[11,9]},"_coverageSchema":"1a1c01bbd47fc00a2c39e90264f33305004495a9","hash":"07f01404d946de04f3779d1e4e32a47d778c3a1c"}
,"/Users/mj/Desktop/Turing/bombe/packages/katex-utils/src/internal/is.ts": {"path":"/Users/mj/Desktop/Turing/bombe/packages/katex-utils/src/internal/is.ts","statementMap":{"0":{"start":{"line":1,"column":26},"end":{"line":1,"column":106}},"1":{"start":{"line":1,"column":69},"end":{"line":1,"column":106}},"2":{"start":{"line":2,"column":27},"end":{"line":9,"column":1}},"3":{"start":{"line":3,"column":2},"end":{"line":7,"column":3}},"4":{"start":{"line":4,"column":4},"end":{"line":4,"column":22}},"5":{"start":{"line":6,"column":4},"end":{"line":6,"column":17}},"6":{"start":{"line":8,"column":2},"end":{"line":8,"column":14}},"7":{"start":{"line":10,"column":32},"end":{"line":12,"column":1}},"8":{"start":{"line":11,"column":2},"end":{"line":11,"column":63}}},"fnMap":{"0":{"name":"(anonymous_0)","decl":{"start":{"line":1,"column":26},"end":{"line":1,"column":27}},"loc":{"start":{"line":1,"column":69},"end":{"line":1,"column":106}},"line":1},"1":{"name":"(anonymous_1)","decl":{"start":{"line":2,"column":27},"end":{"line":2,"column":28}},"loc":{"start":{"line":2,"column":46},"end":{"line":9,"column":1}},"line":2},"2":{"name":"(anonymous_2)","decl":{"start":{"line":10,"column":32},"end":{"line":10,"column":33}},"loc":{"start":{"line":10,"column":77},"end":{"line":12,"column":1}},"line":10}},"branchMap":{"0":{"loc":{"start":{"line":1,"column":69},"end":{"line":1,"column":106}},"type":"binary-expr","locations":[{"start":{"line":1,"column":69},"end":{"line":1,"column":83}},{"start":{"line":1,"column":87},"end":{"line":1,"column":106}}],"line":1},"1":{"loc":{"start":{"line":11,"column":9},"end":{"line":11,"column":62}},"type":"binary-expr","locations":[{"start":{"line":11,"column":9},"end":{"line":11,"column":38}},{"start":{"line":11,"column":42},"end":{"line":11,"column":62}}],"line":11}},"s":{"0":1,"1":21,"2":1,"3":9,"4":9,"5":0,"6":9,"7":1,"8":11},"f":{"0":21,"1":9,"2":11},"b":{"0":[21,21],"1":[11,11]},"_coverageSchema":"1a1c01bbd47fc00a2c39e90264f33305004495a9","hash":"64b7d4d4d5cda763fa09df67e45c28966bc78f1e"}
,"/Users/mj/Desktop/Turing/bombe/packages/katex-utils/src/internal/removeLineBreak.ts": {"path":"/Users/mj/Desktop/Turing/bombe/packages/katex-utils/src/internal/removeLineBreak.ts","statementMap":{"0":{"start":{"line":2,"column":2},"end":{"line":2,"column":50}}},"fnMap":{"0":{"name":"removeLineBreak","decl":{"start":{"line":1,"column":16},"end":{"line":1,"column":31}},"loc":{"start":{"line":1,"column":45},"end":{"line":3,"column":1}},"line":1}},"branchMap":{},"s":{"0":27},"f":{"0":27},"b":{},"_coverageSchema":"1a1c01bbd47fc00a2c39e90264f33305004495a9","hash":"8ade0d2d125f6244771b219c0267f97c7ffcf123"}
}
