TN:
SF:src/formatKatexToHtmlString.ts
FN:12,(anonymous_0)
FN:23,(anonymous_1)
FN:31,(anonymous_2)
FN:39,(anonymous_3)
FN:46,(anonymous_4)
FN:53,(anonymous_5)
FN:54,(anonymous_6)
FN:57,(anonymous_7)
FN:64,(anonymous_8)
FN:68,(anonymous_9)
FN:75,(anonymous_10)
FN:103,(anonymous_11)
FN:105,(anonymous_12)
FN:109,convertTableTextToHtml
FN:114,convertRowTextToHtml
FN:122,isInvalidRowText
FN:126,decorateCellHtml
FN:132,parseMetadata
FN:137,metadataToInlineAttributeString
FN:153,wrapIntoTableRow
FN:157,wrapIntoTableBox
FN:162,(anonymous_21)
FN:219,(anonymous_22)
FN:224,(anonymous_23)
FN:230,(anonymous_24)
FN:252,(anonymous_25)
FN:270,(anonymous_26)
FN:309,(anonymous_27)
FN:321,formatKatexToHtmlStringWithOptions
FN:330,(anonymous_29)
FN:341,(anonymous_30)
FN:362,formatKatexToHtmlString
FNF:32
FNH:32
FNDA:22,(anonymous_0)
FNDA:11,(anonymous_1)
FNDA:11,(anonymous_2)
FNDA:11,(anonymous_3)
FNDA:11,(anonymous_4)
FNDA:11,(anonymous_5)
FNDA:124,(anonymous_6)
FNDA:10,(anonymous_7)
FNDA:11,(anonymous_8)
FNDA:10,(anonymous_9)
FNDA:2,(anonymous_10)
FNDA:5,(anonymous_11)
FNDA:1,(anonymous_12)
FNDA:1,convertTableTextToHtml
FNDA:5,convertRowTextToHtml
FNDA:5,isInvalidRowText
FNDA:21,decorateCellHtml
FNDA:21,parseMetadata
FNDA:21,metadataToInlineAttributeString
FNDA:5,wrapIntoTableRow
FNDA:1,wrapIntoTableBox
FNDA:16,(anonymous_21)
FNDA:8,(anonymous_22)
FNDA:23,(anonymous_23)
FNDA:23,(anonymous_24)
FNDA:272,(anonymous_25)
FNDA:9,(anonymous_26)
FNDA:33,(anonymous_27)
FNDA:11,formatKatexToHtmlStringWithOptions
FNDA:11,(anonymous_29)
FNDA:11,(anonymous_30)
FNDA:4,formatKatexToHtmlString
DA:12,1
DA:13,22
DA:23,1
DA:25,11
DA:31,1
DA:33,11
DA:39,1
DA:40,11
DA:46,1
DA:47,11
DA:53,1
DA:54,124
DA:57,1
DA:58,10
DA:59,0
DA:61,10
DA:64,1
DA:65,11
DA:66,11
DA:69,10
DA:75,11
DA:103,1
DA:104,5
DA:105,5
DA:106,1
DA:110,1
DA:111,1
DA:115,5
DA:117,5
DA:123,5
DA:127,21
DA:128,21
DA:130,21
DA:133,21
DA:134,21
DA:138,21
DA:139,21
DA:140,9
DA:142,21
DA:143,2
DA:145,21
DA:146,1
DA:148,21
DA:154,5
DA:158,1
DA:162,1
DA:163,16
DA:164,16
DA:165,16
DA:166,16
DA:167,16
DA:169,16
DA:170,22821
DA:172,22821
DA:173,324
DA:174,324
DA:175,162
DA:176,162
DA:177,162
DA:178,162
DA:179,162
DA:180,162
DA:181,162
DA:185,162
DA:186,162
DA:194,162
DA:195,162
DA:199,162
DA:203,16
DA:204,2
DA:207,14
DA:209,14
DA:219,1
DA:220,8
DA:221,8
DA:224,23
DA:226,8
DA:227,5
DA:229,3
DA:230,3
DA:232,23
DA:233,23
DA:235,23
DA:236,23
DA:237,46
DA:239,23
DA:240,0
DA:241,0
DA:243,23
DA:244,23
DA:245,23
DA:246,23
DA:247,256
DA:248,256
DA:249,256
DA:250,23
DA:252,256
DA:253,272
DA:254,233
DA:258,23
DA:259,0
DA:261,23
DA:264,3
DA:265,0
DA:267,3
DA:270,1
DA:271,9
DA:305,9
DA:306,45
DA:309,9
DA:310,33
DA:329,11
DA:330,11
DA:332,11
DA:333,11
DA:334,11
DA:341,11
DA:342,11
DA:344,11
DA:357,1
DA:363,4
LF:121
LH:116
BRDA:12,0,0,0
BRDA:14,1,0,22
BRDA:14,1,1,11
BRDA:16,2,0,11
BRDA:16,2,1,11
BRDA:58,3,0,0
BRDA:58,3,1,10
BRDA:58,4,0,10
BRDA:58,4,1,10
BRDA:115,5,0,0
BRDA:115,5,1,5
BRDA:123,6,0,5
BRDA:123,6,1,5
BRDA:134,7,0,9
BRDA:134,7,1,12
BRDA:134,8,0,21
BRDA:134,8,1,9
BRDA:139,9,0,9
BRDA:139,9,1,12
BRDA:142,10,0,2
BRDA:142,10,1,19
BRDA:145,11,0,1
BRDA:145,11,1,20
BRDA:172,12,0,324
BRDA:172,12,1,22497
BRDA:174,13,0,162
BRDA:174,13,1,162
BRDA:179,14,0,162
BRDA:179,14,1,0
BRDA:203,15,0,2
BRDA:203,15,1,14
BRDA:224,16,0,23
BRDA:224,16,1,23
BRDA:226,17,0,5
BRDA:226,17,1,3
BRDA:236,18,0,69
BRDA:236,18,1,69
BRDA:239,19,0,0
BRDA:239,19,1,23
BRDA:239,20,0,23
BRDA:239,20,1,23
BRDA:249,21,0,23
BRDA:249,21,1,233
BRDA:249,22,0,256
BRDA:249,22,1,23
BRDA:253,23,0,233
BRDA:253,23,1,39
BRDA:253,24,0,272
BRDA:253,24,1,233
BRDA:258,25,0,0
BRDA:258,25,1,23
BRDA:264,26,0,0
BRDA:264,26,1,3
BRDA:310,27,0,33
BRDA:310,27,1,0
BRDA:323,28,0,2
BRDA:329,29,0,0
BRDA:329,29,1,11
BRDA:332,30,0,9
BRDA:332,30,1,2
BRDA:333,31,0,5
BRDA:333,31,1,6
BRDA:334,32,0,8
BRDA:334,32,1,3
BRF:64
BRH:55
end_of_record
TN:
SF:src/injectHtmlToContentFrame.ts
FN:4,(anonymous_0)
FNF:1
FNH:1
FNDA:11,(anonymous_0)
DA:4,1
DA:5,11
LF:2
LH:2
BRF:0
BRH:0
end_of_record
TN:
SF:src/internal/choiceSelector.ts
FN:4,(anonymous_0)
FN:17,extractChoiceAnswerLineWithoutPrefixNumber
FN:23,(anonymous_2)
FN:24,(anonymous_3)
FN:30,extractTexOnlyBelowChoiceMark
FNF:5
FNH:5
FNDA:11,(anonymous_0)
FNDA:11,extractChoiceAnswerLineWithoutPrefixNumber
FNDA:12,(anonymous_2)
FNDA:10,(anonymous_3)
FNDA:11,extractTexOnlyBelowChoiceMark
DA:4,1
DA:5,11
DA:18,11
DA:19,9
DA:21,2
DA:23,12
DA:24,10
DA:31,11
LF:8
LH:8
BRDA:18,0,0,9
BRDA:18,0,1,2
BRDA:31,1,0,11
BRDA:31,1,1,9
BRF:4
BRH:4
end_of_record
TN:
SF:src/internal/is.ts
FN:1,(anonymous_0)
FN:2,(anonymous_1)
FN:10,(anonymous_2)
FNF:3
FNH:3
FNDA:21,(anonymous_0)
FNDA:9,(anonymous_1)
FNDA:11,(anonymous_2)
DA:1,21
DA:2,1
DA:3,9
DA:4,9
DA:6,0
DA:8,9
DA:10,1
DA:11,11
LF:8
LH:7
BRDA:1,0,0,21
BRDA:1,0,1,21
BRDA:11,1,0,11
BRDA:11,1,1,11
BRF:4
BRH:4
end_of_record
TN:
SF:src/internal/removeLineBreak.ts
FN:1,removeLineBreak
FNF:1
FNH:1
FNDA:27,removeLineBreak
DA:2,27
LF:1
LH:1
BRF:0
BRH:0
end_of_record
